ERROR - 2022-10-12 10:51:11 --> mysqli_sql_exception: Table 'roles' already exists in C:\xampp\htdocs\sateg\sistema-de-puntos\vendor\codeigniter4\framework\system\Database\MySQLi\Connection.php:292
Stack trace:
#0 C:\xampp\htdocs\sateg\sistema-de-puntos\vendor\codeigniter4\framework\system\Database\MySQLi\Connection.php(292): mysqli->query('CREATE TABLE `r...', 0)
#1 C:\xampp\htdocs\sateg\sistema-de-puntos\vendor\codeigniter4\framework\system\Database\BaseConnection.php(693): CodeIgniter\Database\MySQLi\Connection->execute('CREATE TABLE `r...')
#2 C:\xampp\htdocs\sateg\sistema-de-puntos\vendor\codeigniter4\framework\system\Database\BaseConnection.php(620): CodeIgniter\Database\BaseConnection->simpleQuery('CREATE TABLE `r...')
#3 C:\xampp\htdocs\sateg\sistema-de-puntos\vendor\codeigniter4\framework\system\Database\Forge.php(509): CodeIgniter\Database\BaseConnection->query('CREATE TABLE `r...')
#4 C:\xampp\htdocs\sateg\sistema-de-puntos\app\Database\Migrations\2022-10-12-004033_Roles.php(25): CodeIgniter\Database\Forge->createTable('roles')
#5 C:\xampp\htdocs\sateg\sistema-de-puntos\vendor\codeigniter4\framework\system\Database\MigrationRunner.php(868): App\Database\Migrations\Roles->up()
#6 C:\xampp\htdocs\sateg\sistema-de-puntos\vendor\codeigniter4\framework\system\Database\MigrationRunner.php(187): CodeIgniter\Database\MigrationRunner->migrate('up', Object(stdClass))
#7 C:\xampp\htdocs\sateg\sistema-de-puntos\vendor\codeigniter4\framework\system\Commands\Database\Migrate.php(84): CodeIgniter\Database\MigrationRunner->latest(NULL)
#8 C:\xampp\htdocs\sateg\sistema-de-puntos\vendor\codeigniter4\framework\system\CLI\Commands.php(63): CodeIgniter\Commands\Database\Migrate->run(Array)
#9 C:\xampp\htdocs\sateg\sistema-de-puntos\vendor\codeigniter4\framework\system\CLI\CommandRunner.php(65): CodeIgniter\CLI\Commands->run('migrate', Array)
#10 C:\xampp\htdocs\sateg\sistema-de-puntos\vendor\codeigniter4\framework\system\CLI\CommandRunner.php(51): CodeIgniter\CLI\CommandRunner->index(Array)
#11 C:\xampp\htdocs\sateg\sistema-de-puntos\vendor\codeigniter4\framework\system\CodeIgniter.php(900): CodeIgniter\CLI\CommandRunner->_remap('index', Array)
#12 C:\xampp\htdocs\sateg\sistema-de-puntos\vendor\codeigniter4\framework\system\CodeIgniter.php(457): CodeIgniter\CodeIgniter->runController(Object(CodeIgniter\CLI\CommandRunner))
#13 C:\xampp\htdocs\sateg\sistema-de-puntos\vendor\codeigniter4\framework\system\CodeIgniter.php(336): CodeIgniter\CodeIgniter->handleRequest(NULL, Object(Config\Cache), false)
#14 C:\xampp\htdocs\sateg\sistema-de-puntos\vendor\codeigniter4\framework\system\CLI\Console.php(48): CodeIgniter\CodeIgniter->run()
#15 C:\xampp\htdocs\sateg\sistema-de-puntos\spark(98): CodeIgniter\CLI\Console->run()
#16 {main}
CRITICAL - 2022-10-12 11:40:36 --> Undefined index: password
in APPPATH\Controllers\Home.php on line 26.
 1 APPPATH\Controllers\Home.php(26): CodeIgniter\Debug\Exceptions->errorHandler(8, 'Undefined index: password', 'APPPATH\\Controllers\\Home.php', 26, [...])
 2 SYSTEMPATH\CodeIgniter.php(907): App\Controllers\Home->login()
 3 SYSTEMPATH\CodeIgniter.php(457): CodeIgniter\CodeIgniter->runController(Object(App\Controllers\Home))
 4 SYSTEMPATH\CodeIgniter.php(340): CodeIgniter\CodeIgniter->handleRequest(null, Object(Config\Cache), false)
 5 FCPATH\index.php(67): CodeIgniter\CodeIgniter->run()
CRITICAL - 2022-10-12 11:43:39 --> Undefined variable: d
in APPPATH\Controllers\Home.php on line 21.
 1 APPPATH\Controllers\Home.php(21): CodeIgniter\Debug\Exceptions->errorHandler(8, 'Undefined variable: d', 'APPPATH\\Controllers\\Home.php', 21, [...])
 2 SYSTEMPATH\CodeIgniter.php(907): App\Controllers\Home->login()
 3 SYSTEMPATH\CodeIgniter.php(457): CodeIgniter\CodeIgniter->runController(Object(App\Controllers\Home))
 4 SYSTEMPATH\CodeIgniter.php(340): CodeIgniter\CodeIgniter->handleRequest(null, Object(Config\Cache), false)
 5 FCPATH\index.php(67): CodeIgniter\CodeIgniter->run()
CRITICAL - 2022-10-12 11:45:30 --> Undefined index: id
in APPPATH\Controllers\Home.php on line 38.
 1 APPPATH\Controllers\Home.php(38): CodeIgniter\Debug\Exceptions->errorHandler(8, 'Undefined index: id', 'APPPATH\\Controllers\\Home.php', 38, [...])
 2 SYSTEMPATH\CodeIgniter.php(907): App\Controllers\Home->login()
 3 SYSTEMPATH\CodeIgniter.php(457): CodeIgniter\CodeIgniter->runController(Object(App\Controllers\Home))
 4 SYSTEMPATH\CodeIgniter.php(340): CodeIgniter\CodeIgniter->handleRequest(null, Object(Config\Cache), false)
 5 FCPATH\index.php(67): CodeIgniter\CodeIgniter->run()
CRITICAL - 2022-10-12 11:56:11 --> Undefined index: rol
in APPPATH\Controllers\Home.php on line 27.
 1 APPPATH\Controllers\Home.php(27): CodeIgniter\Debug\Exceptions->errorHandler(8, 'Undefined index: rol', 'APPPATH\\Controllers\\Home.php', 27, [...])
 2 SYSTEMPATH\CodeIgniter.php(907): App\Controllers\Home->login()
 3 SYSTEMPATH\CodeIgniter.php(457): CodeIgniter\CodeIgniter->runController(Object(App\Controllers\Home))
 4 SYSTEMPATH\CodeIgniter.php(340): CodeIgniter\CodeIgniter->handleRequest(null, Object(Config\Cache), false)
 5 FCPATH\index.php(67): CodeIgniter\CodeIgniter->run()
CRITICAL - 2022-10-12 12:56:47 --> Undefined variable: elements
in APPPATH\Views\admin\puntaje.php on line 24.
 1 APPPATH\Views\admin\puntaje.php(24): CodeIgniter\Debug\Exceptions->errorHandler(8, 'Undefined variable: elements', 'APPPATH\\Views\\admin\\puntaje.php', 24, [...])
 2 SYSTEMPATH\View\View.php(213): include('APPPATH\\Views\\admin\\puntaje.php')
 3 SYSTEMPATH\View\View.php(216): CodeIgniter\View\View->CodeIgniter\View\{closure}()
 4 SYSTEMPATH\Common.php(1142): CodeIgniter\View\View->render('admin/puntaje.php', [], true)
 5 APPPATH\Controllers\Admin.php(15): view('admin/puntaje.php', [...])
 6 SYSTEMPATH\CodeIgniter.php(907): App\Controllers\Admin->dashboard()
 7 SYSTEMPATH\CodeIgniter.php(457): CodeIgniter\CodeIgniter->runController(Object(App\Controllers\Admin))
 8 SYSTEMPATH\CodeIgniter.php(340): CodeIgniter\CodeIgniter->handleRequest(null, Object(Config\Cache), false)
 9 FCPATH\index.php(67): CodeIgniter\CodeIgniter->run()
CRITICAL - 2022-10-12 19:11:45 --> Class 'Config\App\Filters\AdminSession' not found
in SYSTEMPATH\Filters\Filters.php on line 166.
 1 SYSTEMPATH\CodeIgniter.php(431): CodeIgniter\Filters\Filters->run('admin', 'before')
 2 SYSTEMPATH\CodeIgniter.php(340): CodeIgniter\CodeIgniter->handleRequest(null, Object(Config\Cache), false)
 3 FCPATH\index.php(67): CodeIgniter\CodeIgniter->run()
CRITICAL - 2022-10-12 19:12:22 --> Class 'Config\App\Filters\AdminSession' not found
in SYSTEMPATH\Filters\Filters.php on line 166.
 1 SYSTEMPATH\CodeIgniter.php(431): CodeIgniter\Filters\Filters->run('admin', 'before')
 2 SYSTEMPATH\CodeIgniter.php(340): CodeIgniter\CodeIgniter->handleRequest(null, Object(Config\Cache), false)
 3 FCPATH\index.php(67): CodeIgniter\CodeIgniter->run()
CRITICAL - 2022-10-12 19:12:51 --> Class 'Config\App\Filters\AdminSession' not found
in SYSTEMPATH\Filters\Filters.php on line 166.
 1 SYSTEMPATH\CodeIgniter.php(431): CodeIgniter\Filters\Filters->run('admin', 'before')
 2 SYSTEMPATH\CodeIgniter.php(340): CodeIgniter\CodeIgniter->handleRequest(null, Object(Config\Cache), false)
 3 FCPATH\index.php(67): CodeIgniter\CodeIgniter->run()
