CRITICAL - 2022-10-06 17:22:06 --> Invalid file: bootstrap/elements/footer.php
in SYSTEMPATH\Exceptions\FrameworkException.php on line 33.
 1 SYSTEMPATH\View\View.php(201): CodeIgniter\Exceptions\FrameworkException::forInvalidFile('FCPATH\\bootstrap\\elements\\footer.php')
 2 SYSTEMPATH\Common.php(1142): CodeIgniter\View\View->render('bootstrap/elements/footer', [], true)
 3 APPPATH\Controllers\Home.php(15): view('bootstrap/elements/footer')
 4 SYSTEMPATH\CodeIgniter.php(907): App\Controllers\Home->admin()
 5 SYSTEMPATH\CodeIgniter.php(457): CodeIgniter\CodeIgniter->runController(Object(App\Controllers\Home))
 6 SYSTEMPATH\CodeIgniter.php(340): CodeIgniter\CodeIgniter->handleRequest(null, Object(Config\Cache), false)
 7 FCPATH\index.php(67): CodeIgniter\CodeIgniter->run()
CRITICAL - 2022-10-06 17:22:31 --> Invalid file: bootstrap/elements/footer.php
in SYSTEMPATH\Exceptions\FrameworkException.php on line 33.
 1 SYSTEMPATH\View\View.php(201): CodeIgniter\Exceptions\FrameworkException::forInvalidFile('FCPATH\\bootstrap\\elements\\footer.php')
 2 SYSTEMPATH\Common.php(1142): CodeIgniter\View\View->render('bootstrap/elements/footer', [], true)
 3 APPPATH\Controllers\Home.php(15): view('bootstrap/elements/footer')
 4 SYSTEMPATH\CodeIgniter.php(907): App\Controllers\Home->admin()
 5 SYSTEMPATH\CodeIgniter.php(457): CodeIgniter\CodeIgniter->runController(Object(App\Controllers\Home))
 6 SYSTEMPATH\CodeIgniter.php(340): CodeIgniter\CodeIgniter->handleRequest(null, Object(Config\Cache), false)
 7 FCPATH\index.php(67): CodeIgniter\CodeIgniter->run()
CRITICAL - 2022-10-06 17:22:45 --> Invalid file: bootstrap/elements/footer.php
in SYSTEMPATH\Exceptions\FrameworkException.php on line 33.
 1 SYSTEMPATH\View\View.php(201): CodeIgniter\Exceptions\FrameworkException::forInvalidFile('FCPATH\\bootstrap\\elements\\footer.php')
 2 SYSTEMPATH\Common.php(1142): CodeIgniter\View\View->render('bootstrap/elements/footer', [], true)
 3 APPPATH\Controllers\Home.php(15): view('bootstrap/elements/footer')
 4 SYSTEMPATH\CodeIgniter.php(907): App\Controllers\Home->admin()
 5 SYSTEMPATH\CodeIgniter.php(457): CodeIgniter\CodeIgniter->runController(Object(App\Controllers\Home))
 6 SYSTEMPATH\CodeIgniter.php(340): CodeIgniter\CodeIgniter->handleRequest(null, Object(Config\Cache), false)
 7 FCPATH\index.php(67): CodeIgniter\CodeIgniter->run()
CRITICAL - 2022-10-06 17:22:49 --> Invalid file: bootstrap/elements/footer.php
in SYSTEMPATH\Exceptions\FrameworkException.php on line 33.
 1 SYSTEMPATH\View\View.php(201): CodeIgniter\Exceptions\FrameworkException::forInvalidFile('FCPATH\\bootstrap\\elements\\footer.php')
 2 SYSTEMPATH\Common.php(1142): CodeIgniter\View\View->render('bootstrap/elements/footer', [], true)
 3 APPPATH\Controllers\Home.php(15): view('bootstrap/elements/footer')
 4 SYSTEMPATH\CodeIgniter.php(907): App\Controllers\Home->admin()
 5 SYSTEMPATH\CodeIgniter.php(457): CodeIgniter\CodeIgniter->runController(Object(App\Controllers\Home))
 6 SYSTEMPATH\CodeIgniter.php(340): CodeIgniter\CodeIgniter->handleRequest(null, Object(Config\Cache), false)
 7 FCPATH\index.php(67): CodeIgniter\CodeIgniter->run()
CRITICAL - 2022-10-06 17:23:10 --> Invalid file: bootstrap/elements/footer.php
in SYSTEMPATH\Exceptions\FrameworkException.php on line 33.
 1 SYSTEMPATH\View\View.php(201): CodeIgniter\Exceptions\FrameworkException::forInvalidFile('FCPATH\\bootstrap\\elements\\footer.php')
 2 SYSTEMPATH\Common.php(1142): CodeIgniter\View\View->render('bootstrap/elements/footer', [], true)
 3 APPPATH\Controllers\Home.php(15): view('bootstrap/elements/footer')
 4 SYSTEMPATH\CodeIgniter.php(907): App\Controllers\Home->admin()
 5 SYSTEMPATH\CodeIgniter.php(457): CodeIgniter\CodeIgniter->runController(Object(App\Controllers\Home))
 6 SYSTEMPATH\CodeIgniter.php(340): CodeIgniter\CodeIgniter->handleRequest(null, Object(Config\Cache), false)
 7 FCPATH\index.php(67): CodeIgniter\CodeIgniter->run()
CRITICAL - 2022-10-06 17:23:20 --> Invalid file: bootstrap/elements/footer.php
in SYSTEMPATH\Exceptions\FrameworkException.php on line 33.
 1 SYSTEMPATH\View\View.php(201): CodeIgniter\Exceptions\FrameworkException::forInvalidFile('FCPATH\\bootstrap\\elements\\footer.php')
 2 SYSTEMPATH\Common.php(1142): CodeIgniter\View\View->render('bootstrap/elements/footer', [], true)
 3 APPPATH\Controllers\Home.php(15): view('bootstrap/elements/footer')
 4 SYSTEMPATH\CodeIgniter.php(907): App\Controllers\Home->admin()
 5 SYSTEMPATH\CodeIgniter.php(457): CodeIgniter\CodeIgniter->runController(Object(App\Controllers\Home))
 6 SYSTEMPATH\CodeIgniter.php(340): CodeIgniter\CodeIgniter->handleRequest(null, Object(Config\Cache), false)
 7 FCPATH\index.php(67): CodeIgniter\CodeIgniter->run()
CRITICAL - 2022-10-06 17:24:14 --> Invalid file: bootstrap/elements/footer.php
in SYSTEMPATH\Exceptions\FrameworkException.php on line 33.
 1 SYSTEMPATH\View\View.php(201): CodeIgniter\Exceptions\FrameworkException::forInvalidFile('FCPATH\\bootstrap\\elements\\footer.php')
 2 SYSTEMPATH\Common.php(1142): CodeIgniter\View\View->render('bootstrap/elements/footer', [], true)
 3 APPPATH\Controllers\Home.php(16): view('bootstrap/elements/footer')
 4 SYSTEMPATH\CodeIgniter.php(907): App\Controllers\Home->admin()
 5 SYSTEMPATH\CodeIgniter.php(457): CodeIgniter\CodeIgniter->runController(Object(App\Controllers\Home))
 6 SYSTEMPATH\CodeIgniter.php(340): CodeIgniter\CodeIgniter->handleRequest(null, Object(Config\Cache), false)
 7 FCPATH\index.php(67): CodeIgniter\CodeIgniter->run()
CRITICAL - 2022-10-06 17:24:37 --> Invalid file: bootstrap/elements/footer.php
in SYSTEMPATH\Exceptions\FrameworkException.php on line 33.
 1 SYSTEMPATH\View\View.php(201): CodeIgniter\Exceptions\FrameworkException::forInvalidFile('FCPATH\\bootstrap\\elements\\footer.php')
 2 SYSTEMPATH\Common.php(1142): CodeIgniter\View\View->render('bootstrap/elements/footer', [], true)
 3 APPPATH\Controllers\Home.php(16): view('bootstrap/elements/footer')
 4 SYSTEMPATH\CodeIgniter.php(907): App\Controllers\Home->admin()
 5 SYSTEMPATH\CodeIgniter.php(457): CodeIgniter\CodeIgniter->runController(Object(App\Controllers\Home))
 6 SYSTEMPATH\CodeIgniter.php(340): CodeIgniter\CodeIgniter->handleRequest(null, Object(Config\Cache), false)
 7 FCPATH\index.php(67): CodeIgniter\CodeIgniter->run()
CRITICAL - 2022-10-06 17:29:10 --> Invalid file: bootstrap/elements/footer.php
in SYSTEMPATH\Exceptions\FrameworkException.php on line 33.
 1 SYSTEMPATH\View\View.php(201): CodeIgniter\Exceptions\FrameworkException::forInvalidFile('FCPATH\\bootstrap\\elements\\footer.php')
 2 SYSTEMPATH\Common.php(1142): CodeIgniter\View\View->render('bootstrap/elements/footer', [], true)
 3 APPPATH\Controllers\Home.php(16): view('bootstrap/elements/footer')
 4 SYSTEMPATH\CodeIgniter.php(907): App\Controllers\Home->admin()
 5 SYSTEMPATH\CodeIgniter.php(457): CodeIgniter\CodeIgniter->runController(Object(App\Controllers\Home))
 6 SYSTEMPATH\CodeIgniter.php(340): CodeIgniter\CodeIgniter->handleRequest(null, Object(Config\Cache), false)
 7 FCPATH\index.php(67): CodeIgniter\CodeIgniter->run()
CRITICAL - 2022-10-06 17:29:32 --> Invalid file: bootstrap/elements/footer.php
in SYSTEMPATH\Exceptions\FrameworkException.php on line 33.
 1 SYSTEMPATH\View\View.php(201): CodeIgniter\Exceptions\FrameworkException::forInvalidFile('FCPATH\\bootstrap\\elements\\footer.php')
 2 SYSTEMPATH\Common.php(1142): CodeIgniter\View\View->render('bootstrap/elements/footer', [], true)
 3 APPPATH\Controllers\Home.php(16): view('bootstrap/elements/footer')
 4 SYSTEMPATH\CodeIgniter.php(907): App\Controllers\Home->admin()
 5 SYSTEMPATH\CodeIgniter.php(457): CodeIgniter\CodeIgniter->runController(Object(App\Controllers\Home))
 6 SYSTEMPATH\CodeIgniter.php(340): CodeIgniter\CodeIgniter->handleRequest(null, Object(Config\Cache), false)
 7 FCPATH\index.php(67): CodeIgniter\CodeIgniter->run()
CRITICAL - 2022-10-06 17:35:19 --> Invalid file: bootstrap/elements/footer.php
in SYSTEMPATH\Exceptions\FrameworkException.php on line 33.
 1 SYSTEMPATH\View\View.php(201): CodeIgniter\Exceptions\FrameworkException::forInvalidFile('FCPATH\\bootstrap\\elements\\footer.php')
 2 SYSTEMPATH\Common.php(1142): CodeIgniter\View\View->render('bootstrap/elements/footer', [], true)
 3 APPPATH\Controllers\Home.php(16): view('bootstrap/elements/footer')
 4 SYSTEMPATH\CodeIgniter.php(907): App\Controllers\Home->admin()
 5 SYSTEMPATH\CodeIgniter.php(457): CodeIgniter\CodeIgniter->runController(Object(App\Controllers\Home))
 6 SYSTEMPATH\CodeIgniter.php(340): CodeIgniter\CodeIgniter->handleRequest(null, Object(Config\Cache), false)
 7 FCPATH\index.php(67): CodeIgniter\CodeIgniter->run()
CRITICAL - 2022-10-06 17:37:57 --> Invalid file: bootstrap/elements/footer.php
in SYSTEMPATH\Exceptions\FrameworkException.php on line 33.
 1 SYSTEMPATH\View\View.php(201): CodeIgniter\Exceptions\FrameworkException::forInvalidFile('FCPATH\\bootstrap\\elements\\footer.php')
 2 SYSTEMPATH\Common.php(1142): CodeIgniter\View\View->render('bootstrap/elements/footer', [], true)
 3 APPPATH\Controllers\Home.php(16): view('bootstrap/elements/footer')
 4 SYSTEMPATH\CodeIgniter.php(907): App\Controllers\Home->admin()
 5 SYSTEMPATH\CodeIgniter.php(457): CodeIgniter\CodeIgniter->runController(Object(App\Controllers\Home))
 6 SYSTEMPATH\CodeIgniter.php(340): CodeIgniter\CodeIgniter->handleRequest(null, Object(Config\Cache), false)
 7 FCPATH\index.php(67): CodeIgniter\CodeIgniter->run()
CRITICAL - 2022-10-06 17:38:14 --> Invalid file: bootstrap/elements/footer.php
in SYSTEMPATH\Exceptions\FrameworkException.php on line 33.
 1 SYSTEMPATH\View\View.php(201): CodeIgniter\Exceptions\FrameworkException::forInvalidFile('FCPATH\\bootstrap\\elements\\footer.php')
 2 SYSTEMPATH\Common.php(1142): CodeIgniter\View\View->render('bootstrap/elements/footer', [], true)
 3 APPPATH\Controllers\Home.php(16): view('bootstrap/elements/footer')
 4 SYSTEMPATH\CodeIgniter.php(907): App\Controllers\Home->admin()
 5 SYSTEMPATH\CodeIgniter.php(457): CodeIgniter\CodeIgniter->runController(Object(App\Controllers\Home))
 6 SYSTEMPATH\CodeIgniter.php(340): CodeIgniter\CodeIgniter->handleRequest(null, Object(Config\Cache), false)
 7 FCPATH\index.php(67): CodeIgniter\CodeIgniter->run()
CRITICAL - 2022-10-06 17:43:56 --> Invalid file: bootstrap/elements/footer.php
in SYSTEMPATH\Exceptions\FrameworkException.php on line 33.
 1 SYSTEMPATH\View\View.php(201): CodeIgniter\Exceptions\FrameworkException::forInvalidFile('FCPATH\\bootstrap\\elements\\footer.php')
 2 SYSTEMPATH\Common.php(1142): CodeIgniter\View\View->render('bootstrap/elements/footer', [], true)
 3 APPPATH\Controllers\Home.php(16): view('bootstrap/elements/footer')
 4 SYSTEMPATH\CodeIgniter.php(907): App\Controllers\Home->admin()
 5 SYSTEMPATH\CodeIgniter.php(457): CodeIgniter\CodeIgniter->runController(Object(App\Controllers\Home))
 6 SYSTEMPATH\CodeIgniter.php(340): CodeIgniter\CodeIgniter->handleRequest(null, Object(Config\Cache), false)
 7 FCPATH\index.php(67): CodeIgniter\CodeIgniter->run()
CRITICAL - 2022-10-06 17:45:44 --> Invalid file: bootstrap/elements/footer.php
in SYSTEMPATH\Exceptions\FrameworkException.php on line 33.
 1 SYSTEMPATH\View\View.php(201): CodeIgniter\Exceptions\FrameworkException::forInvalidFile('FCPATH\\bootstrap\\elements\\footer.php')
 2 SYSTEMPATH\Common.php(1142): CodeIgniter\View\View->render('bootstrap/elements/footer', [], true)
 3 APPPATH\Controllers\Home.php(16): view('bootstrap/elements/footer')
 4 SYSTEMPATH\CodeIgniter.php(907): App\Controllers\Home->admin()
 5 SYSTEMPATH\CodeIgniter.php(457): CodeIgniter\CodeIgniter->runController(Object(App\Controllers\Home))
 6 SYSTEMPATH\CodeIgniter.php(340): CodeIgniter\CodeIgniter->handleRequest(null, Object(Config\Cache), false)
 7 FCPATH\index.php(67): CodeIgniter\CodeIgniter->run()
CRITICAL - 2022-10-06 17:48:32 --> Invalid file: bootstrap/elements/footer.php
in SYSTEMPATH\Exceptions\FrameworkException.php on line 33.
 1 SYSTEMPATH\View\View.php(201): CodeIgniter\Exceptions\FrameworkException::forInvalidFile('FCPATH\\bootstrap\\elements\\footer.php')
 2 SYSTEMPATH\Common.php(1142): CodeIgniter\View\View->render('bootstrap/elements/footer', [], true)
 3 APPPATH\Controllers\Home.php(16): view('bootstrap/elements/footer')
 4 SYSTEMPATH\CodeIgniter.php(907): App\Controllers\Home->admin()
 5 SYSTEMPATH\CodeIgniter.php(457): CodeIgniter\CodeIgniter->runController(Object(App\Controllers\Home))
 6 SYSTEMPATH\CodeIgniter.php(340): CodeIgniter\CodeIgniter->handleRequest(null, Object(Config\Cache), false)
 7 FCPATH\index.php(67): CodeIgniter\CodeIgniter->run()
CRITICAL - 2022-10-06 17:48:52 --> Invalid file: /bootstrap/elements/footer.php
in SYSTEMPATH\Exceptions\FrameworkException.php on line 33.
 1 SYSTEMPATH\View\View.php(201): CodeIgniter\Exceptions\FrameworkException::forInvalidFile('/bootstrap/elements/footer.php')
 2 SYSTEMPATH\Common.php(1142): CodeIgniter\View\View->render('/bootstrap/elements/footer', [], true)
 3 APPPATH\Controllers\Home.php(16): view('/bootstrap/elements/footer')
 4 SYSTEMPATH\CodeIgniter.php(907): App\Controllers\Home->admin()
 5 SYSTEMPATH\CodeIgniter.php(457): CodeIgniter\CodeIgniter->runController(Object(App\Controllers\Home))
 6 SYSTEMPATH\CodeIgniter.php(340): CodeIgniter\CodeIgniter->handleRequest(null, Object(Config\Cache), false)
 7 FCPATH\index.php(67): CodeIgniter\CodeIgniter->run()
CRITICAL - 2022-10-06 17:48:59 --> Invalid file: public/bootstrap/elements/footer.php
in SYSTEMPATH\Exceptions\FrameworkException.php on line 33.
 1 SYSTEMPATH\View\View.php(201): CodeIgniter\Exceptions\FrameworkException::forInvalidFile('public/bootstrap/elements/footer.php')
 2 SYSTEMPATH\Common.php(1142): CodeIgniter\View\View->render('public/bootstrap/elements/footer', [], true)
 3 APPPATH\Controllers\Home.php(16): view('public/bootstrap/elements/footer')
 4 SYSTEMPATH\CodeIgniter.php(907): App\Controllers\Home->admin()
 5 SYSTEMPATH\CodeIgniter.php(457): CodeIgniter\CodeIgniter->runController(Object(App\Controllers\Home))
 6 SYSTEMPATH\CodeIgniter.php(340): CodeIgniter\CodeIgniter->handleRequest(null, Object(Config\Cache), false)
 7 FCPATH\index.php(67): CodeIgniter\CodeIgniter->run()
CRITICAL - 2022-10-06 17:50:28 --> Invalid file: .php
in SYSTEMPATH\Exceptions\FrameworkException.php on line 33.
 1 SYSTEMPATH\View\View.php(201): CodeIgniter\Exceptions\FrameworkException::forInvalidFile('.php')
 2 SYSTEMPATH\Common.php(1142): CodeIgniter\View\View->render('ROOTPATH\\public', [], true)
 3 APPPATH\Controllers\Home.php(16): view('ROOTPATH\\public')
 4 SYSTEMPATH\CodeIgniter.php(907): App\Controllers\Home->admin()
 5 SYSTEMPATH\CodeIgniter.php(457): CodeIgniter\CodeIgniter->runController(Object(App\Controllers\Home))
 6 SYSTEMPATH\CodeIgniter.php(340): CodeIgniter\CodeIgniter->handleRequest(null, Object(Config\Cache), false)
 7 FCPATH\index.php(67): CodeIgniter\CodeIgniter->run()
CRITICAL - 2022-10-06 17:51:56 --> Illegal string offset 'elements'
in APPPATH\Views\admin\puntaje.php on line 55.
 1 APPPATH\Views\admin\puntaje.php(55): CodeIgniter\Debug\Exceptions->errorHandler(2, 'Illegal string offset \'elements\'', 'APPPATH\\Views\\admin\\puntaje.php', 55, [...])
 2 SYSTEMPATH\View\View.php(213): include('APPPATH\\Views\\admin\\puntaje.php')
 3 SYSTEMPATH\View\View.php(216): CodeIgniter\View\View->CodeIgniter\View\{closure}()
 4 SYSTEMPATH\Common.php(1142): CodeIgniter\View\View->render('admin/puntaje.php', [], true)
 5 APPPATH\Controllers\Home.php(18): view('admin/puntaje.php', [...])
 6 SYSTEMPATH\CodeIgniter.php(907): App\Controllers\Home->admin()
 7 SYSTEMPATH\CodeIgniter.php(457): CodeIgniter\CodeIgniter->runController(Object(App\Controllers\Home))
 8 SYSTEMPATH\CodeIgniter.php(340): CodeIgniter\CodeIgniter->handleRequest(null, Object(Config\Cache), false)
 9 FCPATH\index.php(67): CodeIgniter\CodeIgniter->run()
CRITICAL - 2022-10-06 19:21:37 --> Invalid file: elements/footer.php
in SYSTEMPATH\Exceptions\FrameworkException.php on line 33.
 1 SYSTEMPATH\View\View.php(201): CodeIgniter\Exceptions\FrameworkException::forInvalidFile('elements/footer.php')
 2 SYSTEMPATH\Common.php(1142): CodeIgniter\View\View->render('elements/footer', [], true)
 3 APPPATH\Controllers\Home.php(16): view('elements/footer')
 4 SYSTEMPATH\CodeIgniter.php(907): App\Controllers\Home->admin()
 5 SYSTEMPATH\CodeIgniter.php(457): CodeIgniter\CodeIgniter->runController(Object(App\Controllers\Home))
 6 SYSTEMPATH\CodeIgniter.php(340): CodeIgniter\CodeIgniter->handleRequest(null, Object(Config\Cache), false)
 7 FCPATH\index.php(67): CodeIgniter\CodeIgniter->run()
 8 SYSTEMPATH\Commands\Server\rewrite.php(43): require_once('FCPATH\\index.php')
CRITICAL - 2022-10-06 19:25:39 --> Invalid file: elements/footer.php
in SYSTEMPATH\Exceptions\FrameworkException.php on line 33.
 1 SYSTEMPATH\View\View.php(201): CodeIgniter\Exceptions\FrameworkException::forInvalidFile('elements/footer.php')
 2 SYSTEMPATH\Common.php(1142): CodeIgniter\View\View->render('elements/footer', [], true)
 3 APPPATH\Controllers\Admin.php(12): view('elements/footer')
 4 SYSTEMPATH\CodeIgniter.php(907): App\Controllers\Admin->dashboard()
 5 SYSTEMPATH\CodeIgniter.php(457): CodeIgniter\CodeIgniter->runController(Object(App\Controllers\Admin))
 6 SYSTEMPATH\CodeIgniter.php(340): CodeIgniter\CodeIgniter->handleRequest(null, Object(Config\Cache), false)
 7 FCPATH\index.php(67): CodeIgniter\CodeIgniter->run()
CRITICAL - 2022-10-06 19:26:27 --> Invalid file: elements/footer.php
in SYSTEMPATH\Exceptions\FrameworkException.php on line 33.
 1 SYSTEMPATH\View\View.php(201): CodeIgniter\Exceptions\FrameworkException::forInvalidFile('elements/footer.php')
 2 SYSTEMPATH\Common.php(1142): CodeIgniter\View\View->render('elements/footer', [], true)
 3 APPPATH\Controllers\Admin.php(12): view('elements/footer')
 4 SYSTEMPATH\CodeIgniter.php(907): App\Controllers\Admin->dashboard()
 5 SYSTEMPATH\CodeIgniter.php(457): CodeIgniter\CodeIgniter->runController(Object(App\Controllers\Admin))
 6 SYSTEMPATH\CodeIgniter.php(340): CodeIgniter\CodeIgniter->handleRequest(null, Object(Config\Cache), false)
 7 FCPATH\index.php(67): CodeIgniter\CodeIgniter->run()
